<?xml version="1.0" encoding="UTF-8"?>
<!-- Generated by org.testng.reporters.JUnitReportReporter -->
<testsuite hostname="ETC1708078" failures="0" tests="1" name="Runner.Testrunner" time="0.021" errors="0" timestamp="13 Mar 2023 18:44:12 GMT">
  <testcase classname="Runner.Testrunner" name="feature" time="0.021"/>
</testsuite> <!-- Runner.Testrunner -->
